<?xml version="1.0" encoding="UTF-8"?>
<coverage generated="1675640986898" clover="3.2.0">
  <project timestamp="1675640986898" name="All files">
    <metrics statements="155" coveredstatements="99" conditionals="104" coveredconditionals="31" methods="50" coveredmethods="24" elements="309" coveredelements="154" complexity="0" loc="155" ncloc="155" packages="9" files="25" classes="25"/>
    <package name="assets">
      <metrics statements="2" coveredstatements="2" conditionals="0" coveredconditionals="0" methods="0" coveredmethods="0"/>
      <file name="logo.png" path="/Volumes/HossamSSD/Freelance/DukkaanyProject/VoltStoreManager/src/assets/logo.png">
        <metrics statements="1" coveredstatements="1" conditionals="0" coveredconditionals="0" methods="0" coveredmethods="0"/>
        <line num="1" count="1" type="stmt"/>
      </file>
      <file name="volt.png" path="/Volumes/HossamSSD/Freelance/DukkaanyProject/VoltStoreManager/src/assets/volt.png">
        <metrics statements="1" coveredstatements="1" conditionals="0" coveredconditionals="0" methods="0" coveredmethods="0"/>
        <line num="1" count="1" type="stmt"/>
      </file>
    </package>
    <package name="components.common">
      <metrics statements="29" coveredstatements="27" conditionals="37" coveredconditionals="19" methods="11" coveredmethods="10"/>
      <file name="AppLoader.tsx" path="/Volumes/HossamSSD/Freelance/DukkaanyProject/VoltStoreManager/src/components/common/AppLoader.tsx">
        <metrics statements="3" coveredstatements="1" conditionals="4" coveredconditionals="0" methods="1" coveredmethods="0"/>
        <line num="20" count="0" type="stmt"/>
        <line num="21" count="0" type="stmt"/>
        <line num="33" count="2" type="stmt"/>
      </file>
      <file name="BlockBtn.tsx" path="/Volumes/HossamSSD/Freelance/DukkaanyProject/VoltStoreManager/src/components/common/BlockBtn.tsx">
        <metrics statements="3" coveredstatements="3" conditionals="0" coveredconditionals="0" methods="1" coveredmethods="1"/>
        <line num="7" count="1" type="stmt"/>
        <line num="8" count="1" type="stmt"/>
        <line num="17" count="1" type="stmt"/>
      </file>
      <file name="CustomeButton.tsx" path="/Volumes/HossamSSD/Freelance/DukkaanyProject/VoltStoreManager/src/components/common/CustomeButton.tsx">
        <metrics statements="3" coveredstatements="3" conditionals="14" coveredconditionals="7" methods="1" coveredmethods="1"/>
        <line num="33" count="3" type="cond" truecount="1" falsecount="1"/>
        <line num="34" count="3" type="stmt"/>
        <line num="53" count="1" type="stmt"/>
      </file>
      <file name="CustomeIcon.tsx" path="/Volumes/HossamSSD/Freelance/DukkaanyProject/VoltStoreManager/src/components/common/CustomeIcon.tsx">
        <metrics statements="2" coveredstatements="2" conditionals="5" coveredconditionals="3" methods="1" coveredmethods="1"/>
        <line num="23" count="2" type="stmt"/>
        <line num="24" count="2" type="stmt"/>
      </file>
      <file name="CustomeImage.tsx" path="/Volumes/HossamSSD/Freelance/DukkaanyProject/VoltStoreManager/src/components/common/CustomeImage.tsx">
        <metrics statements="4" coveredstatements="4" conditionals="0" coveredconditionals="0" methods="2" coveredmethods="2"/>
        <line num="5" count="3" type="stmt"/>
        <line num="7" count="3" type="stmt"/>
        <line num="13" count="1" type="stmt"/>
        <line num="19" count="2" type="stmt"/>
      </file>
      <file name="CustomeText.tsx" path="/Volumes/HossamSSD/Freelance/DukkaanyProject/VoltStoreManager/src/components/common/CustomeText.tsx">
        <metrics statements="3" coveredstatements="3" conditionals="0" coveredconditionals="0" methods="1" coveredmethods="1"/>
        <line num="11" count="2" type="stmt"/>
        <line num="17" count="2" type="stmt"/>
        <line num="18" count="2" type="stmt"/>
      </file>
      <file name="CustomeTextInput.tsx" path="/Volumes/HossamSSD/Freelance/DukkaanyProject/VoltStoreManager/src/components/common/CustomeTextInput.tsx">
        <metrics statements="3" coveredstatements="3" conditionals="2" coveredconditionals="1" methods="1" coveredmethods="1"/>
        <line num="30" count="2" type="stmt"/>
        <line num="31" count="2" type="stmt"/>
        <line num="52" count="1" type="stmt"/>
      </file>
      <file name="CustomeTextInputWithHeader.tsx" path="/Volumes/HossamSSD/Freelance/DukkaanyProject/VoltStoreManager/src/components/common/CustomeTextInputWithHeader.tsx">
        <metrics statements="2" coveredstatements="2" conditionals="0" coveredconditionals="0" methods="1" coveredmethods="1"/>
        <line num="6" count="1" type="stmt"/>
        <line num="15" count="2" type="stmt"/>
      </file>
      <file name="ListItem.tsx" path="/Volumes/HossamSSD/Freelance/DukkaanyProject/VoltStoreManager/src/components/common/ListItem.tsx">
        <metrics statements="4" coveredstatements="4" conditionals="10" coveredconditionals="6" methods="1" coveredmethods="1"/>
        <line num="19" count="1" type="stmt"/>
        <line num="30" count="2" type="stmt"/>
        <line num="31" count="2" type="stmt"/>
        <line num="56" count="1" type="stmt"/>
      </file>
      <file name="RenderHtmlComponent.tsx" path="/Volumes/HossamSSD/Freelance/DukkaanyProject/VoltStoreManager/src/components/common/RenderHtmlComponent.tsx">
        <metrics statements="2" coveredstatements="2" conditionals="2" coveredconditionals="2" methods="1" coveredmethods="1"/>
        <line num="6" count="1" type="stmt"/>
        <line num="8" count="1" type="stmt"/>
      </file>
    </package>
    <package name="components.loginModule">
      <metrics statements="2" coveredstatements="1" conditionals="2" coveredconditionals="0" methods="1" coveredmethods="0"/>
      <file name="LoginErrorMessage.tsx" path="/Volumes/HossamSSD/Freelance/DukkaanyProject/VoltStoreManager/src/components/loginModule/LoginErrorMessage.tsx">
        <metrics statements="2" coveredstatements="1" conditionals="2" coveredconditionals="0" methods="1" coveredmethods="0"/>
        <line num="18" count="0" type="stmt"/>
        <line num="31" count="1" type="stmt"/>
      </file>
    </package>
    <package name="components.pageHeader">
      <metrics statements="15" coveredstatements="10" conditionals="29" coveredconditionals="6" methods="6" coveredmethods="2"/>
      <file name="Icon.tsx" path="/Volumes/HossamSSD/Freelance/DukkaanyProject/VoltStoreManager/src/components/pageHeader/Icon.tsx">
        <metrics statements="3" coveredstatements="1" conditionals="2" coveredconditionals="0" methods="1" coveredmethods="0"/>
        <line num="16" count="0" type="stmt"/>
        <line num="17" count="0" type="stmt"/>
        <line num="36" count="1" type="stmt"/>
      </file>
      <file name="SearchAndFilter.tsx" path="/Volumes/HossamSSD/Freelance/DukkaanyProject/VoltStoreManager/src/components/pageHeader/SearchAndFilter.tsx">
        <metrics statements="3" coveredstatements="2" conditionals="5" coveredconditionals="0" methods="1" coveredmethods="0"/>
        <line num="18" count="1" type="stmt"/>
        <line num="29" count="0" type="stmt"/>
        <line num="45" count="1" type="stmt"/>
      </file>
      <file name="TopSection.tsx" path="/Volumes/HossamSSD/Freelance/DukkaanyProject/VoltStoreManager/src/components/pageHeader/TopSection.tsx">
        <metrics statements="6" coveredstatements="4" conditionals="18" coveredconditionals="5" methods="3" coveredmethods="1"/>
        <line num="33" count="1" type="stmt"/>
        <line num="34" count="0" type="stmt"/>
        <line num="59" count="1" type="stmt"/>
        <line num="60" count="1" type="stmt"/>
        <line num="67" count="0" type="cond" truecount="0" falsecount="2"/>
        <line num="81" count="1" type="stmt"/>
      </file>
      <file name="index.tsx" path="/Volumes/HossamSSD/Freelance/DukkaanyProject/VoltStoreManager/src/components/pageHeader/index.tsx">
        <metrics statements="3" coveredstatements="3" conditionals="4" coveredconditionals="1" methods="1" coveredmethods="1"/>
        <line num="11" count="1" type="stmt"/>
        <line num="41" count="1" type="stmt"/>
        <line num="78" count="1" type="stmt"/>
      </file>
    </package>
    <package name="hooks">
      <metrics statements="9" coveredstatements="5" conditionals="12" coveredconditionals="1" methods="2" coveredmethods="1"/>
      <file name="useRFontValue.tsx" path="/Volumes/HossamSSD/Freelance/DukkaanyProject/VoltStoreManager/src/hooks/useRFontValue.tsx">
        <metrics statements="9" coveredstatements="5" conditionals="12" coveredconditionals="1" methods="2" coveredmethods="1"/>
        <line num="5" count="1" type="cond" truecount="1" falsecount="1"/>
        <line num="6" count="2" type="stmt"/>
        <line num="7" count="2" type="stmt"/>
        <line num="8" count="2" type="stmt"/>
        <line num="9" count="0" type="cond" truecount="0" falsecount="2"/>
        <line num="11" count="0" type="cond" truecount="0" falsecount="4"/>
        <line num="18" count="0" type="cond" truecount="0" falsecount="2"/>
        <line num="20" count="0" type="stmt"/>
        <line num="24" count="2" type="stmt"/>
      </file>
    </package>
    <package name="pages">
      <metrics statements="7" coveredstatements="5" conditionals="0" coveredconditionals="0" methods="3" coveredmethods="1"/>
      <file name="SimpleTest.tsx" path="/Volumes/HossamSSD/Freelance/DukkaanyProject/VoltStoreManager/src/pages/SimpleTest.tsx">
        <metrics statements="7" coveredstatements="5" conditionals="0" coveredconditionals="0" methods="3" coveredmethods="1"/>
        <line num="4" count="1" type="stmt"/>
        <line num="5" count="1" type="stmt"/>
        <line num="6" count="1" type="stmt"/>
        <line num="8" count="1" type="stmt"/>
        <line num="9" count="0" type="stmt"/>
        <line num="11" count="1" type="stmt"/>
        <line num="14" count="0" type="stmt"/>
      </file>
    </package>
    <package name="pages.loginModule">
      <metrics statements="28" coveredstatements="15" conditionals="14" coveredconditionals="4" methods="6" coveredmethods="3"/>
      <file name="Login.tsx" path="/Volumes/HossamSSD/Freelance/DukkaanyProject/VoltStoreManager/src/pages/loginModule/Login.tsx">
        <metrics statements="28" coveredstatements="15" conditionals="14" coveredconditionals="4" methods="6" coveredmethods="3"/>
        <line num="27" count="1" type="stmt"/>
        <line num="28" count="1" type="stmt"/>
        <line num="29" count="1" type="stmt"/>
        <line num="30" count="1" type="stmt"/>
        <line num="31" count="1" type="stmt"/>
        <line num="32" count="1" type="stmt"/>
        <line num="33" count="1" type="stmt"/>
        <line num="39" count="1" type="stmt"/>
        <line num="46" count="1" type="stmt"/>
        <line num="47" count="0" type="cond" truecount="0" falsecount="2"/>
        <line num="48" count="0" type="stmt"/>
        <line num="50" count="0" type="stmt"/>
        <line num="54" count="1" type="stmt"/>
        <line num="85" count="1" type="stmt"/>
        <line num="86" count="0" type="stmt"/>
        <line num="87" count="0" type="stmt"/>
        <line num="89" count="0" type="stmt"/>
        <line num="91" count="0" type="cond" truecount="0" falsecount="2"/>
        <line num="92" count="0" type="stmt"/>
        <line num="93" count="0" type="stmt"/>
        <line num="94" count="0" type="cond" truecount="0" falsecount="2"/>
        <line num="95" count="0" type="stmt"/>
        <line num="96" count="0" type="stmt"/>
        <line num="101" count="1" type="cond" truecount="1" falsecount="1"/>
        <line num="102" count="0" type="stmt"/>
        <line num="104" count="1" type="stmt"/>
        <line num="142" count="1" type="stmt"/>
        <line num="190" count="1" type="stmt"/>
      </file>
    </package>
    <package name="redux">
      <metrics statements="16" coveredstatements="12" conditionals="0" coveredconditionals="0" methods="5" coveredmethods="1"/>
      <file name="appSettings.tsx" path="/Volumes/HossamSSD/Freelance/DukkaanyProject/VoltStoreManager/src/redux/appSettings.tsx">
        <metrics statements="5" coveredstatements="3" conditionals="0" coveredconditionals="0" methods="2" coveredmethods="0"/>
        <line num="4" count="1" type="stmt"/>
        <line num="9" count="1" type="stmt"/>
        <line num="14" count="0" type="stmt"/>
        <line num="17" count="0" type="stmt"/>
        <line num="22" count="1" type="stmt"/>
      </file>
      <file name="store.tsx" path="/Volumes/HossamSSD/Freelance/DukkaanyProject/VoltStoreManager/src/redux/store.tsx">
        <metrics statements="5" coveredstatements="5" conditionals="0" coveredconditionals="0" methods="1" coveredmethods="1"/>
        <line num="8" count="1" type="stmt"/>
        <line num="14" count="1" type="stmt"/>
        <line num="15" count="1" type="stmt"/>
        <line num="18" count="1" type="stmt"/>
        <line num="21" count="1" type="stmt"/>
      </file>
      <file name="user.tsx" path="/Volumes/HossamSSD/Freelance/DukkaanyProject/VoltStoreManager/src/redux/user.tsx">
        <metrics statements="6" coveredstatements="4" conditionals="0" coveredconditionals="0" methods="2" coveredmethods="0"/>
        <line num="2" count="1" type="stmt"/>
        <line num="16" count="1" type="stmt"/>
        <line num="20" count="1" type="stmt"/>
        <line num="25" count="0" type="stmt"/>
        <line num="28" count="0" type="stmt"/>
        <line num="33" count="1" type="stmt"/>
      </file>
    </package>
    <package name="utils">
      <metrics statements="47" coveredstatements="22" conditionals="10" coveredconditionals="1" methods="16" coveredmethods="6"/>
      <file name="APIs.tsx" path="/Volumes/HossamSSD/Freelance/DukkaanyProject/VoltStoreManager/src/utils/APIs.tsx">
        <metrics statements="45" coveredstatements="20" conditionals="10" coveredconditionals="1" methods="14" coveredmethods="4"/>
        <line num="4" count="2" type="stmt"/>
        <line num="14" count="2" type="stmt"/>
        <line num="15" count="2" type="stmt"/>
        <line num="16" count="2" type="stmt"/>
        <line num="20" count="1" type="stmt"/>
        <line num="24" count="2" type="stmt"/>
        <line num="25" count="2" type="stmt"/>
        <line num="26" count="2" type="stmt"/>
        <line num="30" count="1" type="stmt"/>
        <line num="34" count="2" type="stmt"/>
        <line num="41" count="2" type="stmt"/>
        <line num="42" count="2" type="stmt"/>
        <line num="49" count="1" type="stmt"/>
        <line num="53" count="2" type="stmt"/>
        <line num="58" count="0" type="stmt"/>
        <line num="64" count="0" type="stmt"/>
        <line num="67" count="2" type="stmt"/>
        <line num="72" count="0" type="stmt"/>
        <line num="78" count="0" type="stmt"/>
        <line num="81" count="2" type="stmt"/>
        <line num="86" count="0" type="stmt"/>
        <line num="87" count="0" type="stmt"/>
        <line num="88" count="0" type="stmt"/>
        <line num="92" count="0" type="stmt"/>
        <line num="93" count="0" type="stmt"/>
        <line num="97" count="0" type="stmt"/>
        <line num="99" count="0" type="stmt"/>
        <line num="106" count="0" type="stmt"/>
        <line num="107" count="0" type="stmt"/>
        <line num="108" count="0" type="stmt"/>
        <line num="109" count="0" type="stmt"/>
        <line num="112" count="2" type="stmt"/>
        <line num="113" count="0" type="stmt"/>
        <line num="117" count="0" type="stmt"/>
        <line num="128" count="2" type="stmt"/>
        <line num="129" count="3" type="cond" truecount="1" falsecount="1"/>
        <line num="130" count="0" type="stmt"/>
        <line num="131" count="0" type="cond" truecount="0" falsecount="2"/>
        <line num="132" count="0" type="stmt"/>
        <line num="133" count="0" type="stmt"/>
        <line num="134" count="0" type="stmt"/>
        <line num="135" count="0" type="cond" truecount="0" falsecount="2"/>
        <line num="136" count="0" type="stmt"/>
        <line num="137" count="0" type="stmt"/>
        <line num="140" count="3" type="stmt"/>
      </file>
      <file name="appDB.tsx" path="/Volumes/HossamSSD/Freelance/DukkaanyProject/VoltStoreManager/src/utils/appDB.tsx">
        <metrics statements="2" coveredstatements="2" conditionals="0" coveredconditionals="0" methods="2" coveredmethods="2"/>
        <line num="9" count="1" type="stmt"/>
        <line num="15" count="1" type="stmt"/>
      </file>
    </package>
  </project>
</coverage>
