{"/Volumes/HossamSSD/Freelance/DukkaanyProject/VoltStoreManager/src/assets/logo.png": {"path":"/Volumes/HossamSSD/Freelance/DukkaanyProject/VoltStoreManager/src/assets/logo.png","statementMap":{"0":{"start":{"line":1,"column":0},"end":{"line":4,"column":6}}},"fnMap":{},"branchMap":{},"s":{"0":1},"f":{},"b":{},"_coverageSchema":"1a1c01bbd47fc00a2c39e90264f33305004495a9","hash":"60d8f4d0d1f3147bfe330f1fc8059b9fdfeb6a63"}
,"/Volumes/HossamSSD/Freelance/DukkaanyProject/VoltStoreManager/src/assets/volt.png": {"path":"/Volumes/HossamSSD/Freelance/DukkaanyProject/VoltStoreManager/src/assets/volt.png","statementMap":{"0":{"start":{"line":1,"column":0},"end":{"line":4,"column":6}}},"fnMap":{},"branchMap":{},"s":{"0":1},"f":{},"b":{},"_coverageSchema":"1a1c01bbd47fc00a2c39e90264f33305004495a9","hash":"f2167be88a5056206563fdf9767667dba1d3ee99"}
,"/Volumes/HossamSSD/Freelance/DukkaanyProject/VoltStoreManager/src/components/common/AppLoader.tsx": {"path":"/Volumes/HossamSSD/Freelance/DukkaanyProject/VoltStoreManager/src/components/common/AppLoader.tsx","statementMap":{"0":{"start":{"line":20,"column":19},"end":{"line":20,"column":29}},"1":{"start":{"line":21,"column":2},"end":{"line":30,"column":4}},"2":{"start":{"line":33,"column":15},"end":{"line":40,"column":2}}},"fnMap":{"0":{"name":"(anonymous_0)","decl":{"start":{"line":13,"column":15},"end":{"line":13,"column":16}},"loc":{"start":{"line":19,"column":6},"end":{"line":31,"column":1}},"line":19}},"branchMap":{"0":{"loc":{"start":{"line":24,"column":14},"end":{"line":24,"column":50}},"type":"cond-expr","locations":[{"start":{"line":24,"column":38},"end":{"line":24,"column":45}},{"start":{"line":24,"column":48},"end":{"line":24,"column":50}}],"line":24},"1":{"loc":{"start":{"line":28,"column":7},"end":{"line":28,"column":42}},"type":"binary-expr","locations":[{"start":{"line":28,"column":7},"end":{"line":28,"column":11}},{"start":{"line":28,"column":15},"end":{"line":28,"column":42}}],"line":28}},"s":{"0":0,"1":0,"2":2},"f":{"0":0},"b":{"0":[0,0],"1":[0,0]},"_coverageSchema":"1a1c01bbd47fc00a2c39e90264f33305004495a9","hash":"6611a7583909bbb012f47b99dccaeabe9234a62c"}
,"/Volumes/HossamSSD/Freelance/DukkaanyProject/VoltStoreManager/src/components/common/BlockBtn.tsx": {"path":"/Volumes/HossamSSD/Freelance/DukkaanyProject/VoltStoreManager/src/components/common/BlockBtn.tsx","statementMap":{"0":{"start":{"line":7,"column":19},"end":{"line":7,"column":29}},"1":{"start":{"line":8,"column":2},"end":{"line":14,"column":4}},"2":{"start":{"line":17,"column":15},"end":{"line":23,"column":2}}},"fnMap":{"0":{"name":"(anonymous_0)","decl":{"start":{"line":6,"column":15},"end":{"line":6,"column":16}},"loc":{"start":{"line":6,"column":51},"end":{"line":15,"column":1}},"line":6}},"branchMap":{},"s":{"0":1,"1":1,"2":1},"f":{"0":1},"b":{},"_coverageSchema":"1a1c01bbd47fc00a2c39e90264f33305004495a9","hash":"3a9377a8010dee291cd6db6726526bf5e662ffa0"}
,"/Volumes/HossamSSD/Freelance/DukkaanyProject/VoltStoreManager/src/components/common/CustomeButton.tsx": {"path":"/Volumes/HossamSSD/Freelance/DukkaanyProject/VoltStoreManager/src/components/common/CustomeButton.tsx","statementMap":{"0":{"start":{"line":33,"column":23},"end":{"line":33,"column":63}},"1":{"start":{"line":34,"column":2},"end":{"line":50,"column":4}},"2":{"start":{"line":53,"column":15},"end":{"line":57,"column":2}}},"fnMap":{"0":{"name":"(anonymous_0)","decl":{"start":{"line":23,"column":15},"end":{"line":23,"column":16}},"loc":{"start":{"line":32,"column":26},"end":{"line":51,"column":1}},"line":32}},"branchMap":{"0":{"loc":{"start":{"line":33,"column":23},"end":{"line":33,"column":63}},"type":"cond-expr","locations":[{"start":{"line":33,"column":35},"end":{"line":33,"column":51}},{"start":{"line":33,"column":54},"end":{"line":33,"column":63}}],"line":33},"1":{"loc":{"start":{"line":36,"column":33},"end":{"line":36,"column":63}},"type":"binary-expr","locations":[{"start":{"line":36,"column":33},"end":{"line":36,"column":41}},{"start":{"line":36,"column":45},"end":{"line":36,"column":63}}],"line":36},"2":{"loc":{"start":{"line":38,"column":16},"end":{"line":38,"column":39}},"type":"cond-expr","locations":[{"start":{"line":38,"column":27},"end":{"line":38,"column":31}},{"start":{"line":38,"column":34},"end":{"line":38,"column":39}}],"line":38},"3":{"loc":{"start":{"line":40,"column":9},"end":{"line":45,"column":9}},"type":"binary-expr","locations":[{"start":{"line":40,"column":9},"end":{"line":40,"column":13}},{"start":{"line":41,"column":10},"end":{"line":44,"column":12}}],"line":40},"4":{"loc":{"start":{"line":42,"column":31},"end":{"line":42,"column":65}},"type":"binary-expr","locations":[{"start":{"line":42,"column":31},"end":{"line":42,"column":39}},{"start":{"line":42,"column":43},"end":{"line":42,"column":65}}],"line":42},"5":{"loc":{"start":{"line":46,"column":9},"end":{"line":46,"column":21}},"type":"binary-expr","locations":[{"start":{"line":46,"column":9},"end":{"line":46,"column":13}},{"start":{"line":46,"column":17},"end":{"line":46,"column":21}}],"line":46},"6":{"loc":{"start":{"line":47,"column":9},"end":{"line":47,"column":29}},"type":"binary-expr","locations":[{"start":{"line":47,"column":9},"end":{"line":47,"column":17}},{"start":{"line":47,"column":21},"end":{"line":47,"column":29}}],"line":47}},"s":{"0":3,"1":3,"2":1},"f":{"0":3},"b":{"0":[0,3],"1":[3,0],"2":[0,3],"3":[3,0],"4":[0,0],"5":[3,0],"6":[3,2]},"_coverageSchema":"1a1c01bbd47fc00a2c39e90264f33305004495a9","hash":"869b8d624ac77b1ce221286343f0247879561b02"}
,"/Volumes/HossamSSD/Freelance/DukkaanyProject/VoltStoreManager/src/components/common/CustomeIcon.tsx": {"path":"/Volumes/HossamSSD/Freelance/DukkaanyProject/VoltStoreManager/src/components/common/CustomeIcon.tsx","statementMap":{"0":{"start":{"line":23,"column":24},"end":{"line":23,"column":34}},"1":{"start":{"line":24,"column":2},"end":{"line":31,"column":4}}},"fnMap":{"0":{"name":"(anonymous_0)","decl":{"start":{"line":16,"column":15},"end":{"line":16,"column":16}},"loc":{"start":{"line":22,"column":24},"end":{"line":32,"column":1}},"line":22}},"branchMap":{"0":{"loc":{"start":{"line":17,"column":2},"end":{"line":17,"column":15}},"type":"default-arg","locations":[{"start":{"line":17,"column":8},"end":{"line":17,"column":15}}],"line":17},"1":{"loc":{"start":{"line":27,"column":26},"end":{"line":27,"column":36}},"type":"binary-expr","locations":[{"start":{"line":27,"column":26},"end":{"line":27,"column":30}},{"start":{"line":27,"column":34},"end":{"line":27,"column":36}}],"line":27},"2":{"loc":{"start":{"line":28,"column":13},"end":{"line":28,"column":33}},"type":"binary-expr","locations":[{"start":{"line":28,"column":13},"end":{"line":28,"column":18}},{"start":{"line":28,"column":22},"end":{"line":28,"column":33}}],"line":28}},"s":{"0":2,"1":2},"f":{"0":2},"b":{"0":[2],"1":[2,0],"2":[2,0]},"_coverageSchema":"1a1c01bbd47fc00a2c39e90264f33305004495a9","hash":"6645afd92fb264beb870f3ee8be37b4a59da78cd"}
,"/Volumes/HossamSSD/Freelance/DukkaanyProject/VoltStoreManager/src/components/common/CustomeImage.tsx": {"path":"/Volumes/HossamSSD/Freelance/DukkaanyProject/VoltStoreManager/src/components/common/CustomeImage.tsx","statementMap":{"0":{"start":{"line":5,"column":34},"end":{"line":5,"column":50}},"1":{"start":{"line":7,"column":2},"end":{"line":16,"column":4}},"2":{"start":{"line":13,"column":21},"end":{"line":13,"column":66}},"3":{"start":{"line":19,"column":15},"end":{"line":21,"column":2}}},"fnMap":{"0":{"name":"(anonymous_0)","decl":{"start":{"line":4,"column":15},"end":{"line":4,"column":16}},"loc":{"start":{"line":4,"column":70},"end":{"line":17,"column":1}},"line":4},"1":{"name":"(anonymous_1)","decl":{"start":{"line":13,"column":15},"end":{"line":13,"column":16}},"loc":{"start":{"line":13,"column":21},"end":{"line":13,"column":66}},"line":13}},"branchMap":{},"s":{"0":3,"1":3,"2":1,"3":2},"f":{"0":3,"1":1},"b":{},"_coverageSchema":"1a1c01bbd47fc00a2c39e90264f33305004495a9","hash":"9a538179e3869ac216452bd28391b7e3726d65fc"}
,"/Volumes/HossamSSD/Freelance/DukkaanyProject/VoltStoreManager/src/components/common/CustomeText.tsx": {"path":"/Volumes/HossamSSD/Freelance/DukkaanyProject/VoltStoreManager/src/components/common/CustomeText.tsx","statementMap":{"0":{"start":{"line":11,"column":20},"end":{"line":24,"column":1}},"1":{"start":{"line":17,"column":19},"end":{"line":17,"column":29}},"2":{"start":{"line":18,"column":2},"end":{"line":23,"column":4}}},"fnMap":{"0":{"name":"(anonymous_0)","decl":{"start":{"line":11,"column":20},"end":{"line":11,"column":21}},"loc":{"start":{"line":16,"column":47},"end":{"line":24,"column":1}},"line":16}},"branchMap":{},"s":{"0":2,"1":2,"2":2},"f":{"0":2},"b":{},"_coverageSchema":"1a1c01bbd47fc00a2c39e90264f33305004495a9","hash":"45f14107d10d04483e793dc16a3e11e11bed1e6c"}
,"/Volumes/HossamSSD/Freelance/DukkaanyProject/VoltStoreManager/src/components/common/CustomeTextInput.tsx": {"path":"/Volumes/HossamSSD/Freelance/DukkaanyProject/VoltStoreManager/src/components/common/CustomeTextInput.tsx","statementMap":{"0":{"start":{"line":30,"column":24},"end":{"line":30,"column":34}},"1":{"start":{"line":31,"column":2},"end":{"line":49,"column":4}},"2":{"start":{"line":52,"column":15},"end":{"line":55,"column":2}}},"fnMap":{"0":{"name":"(anonymous_0)","decl":{"start":{"line":22,"column":15},"end":{"line":22,"column":16}},"loc":{"start":{"line":29,"column":46},"end":{"line":50,"column":1}},"line":29}},"branchMap":{"0":{"loc":{"start":{"line":41,"column":24},"end":{"line":41,"column":57}},"type":"binary-expr","locations":[{"start":{"line":41,"column":24},"end":{"line":41,"column":35}},{"start":{"line":41,"column":39},"end":{"line":41,"column":57}}],"line":41}},"s":{"0":2,"1":2,"2":1},"f":{"0":2},"b":{"0":[2,0]},"_coverageSchema":"1a1c01bbd47fc00a2c39e90264f33305004495a9","hash":"c8965d500d3bd6b73719b840707bccec9691d7d7"}
,"/Volumes/HossamSSD/Freelance/DukkaanyProject/VoltStoreManager/src/components/common/CustomeTextInputWithHeader.tsx": {"path":"/Volumes/HossamSSD/Freelance/DukkaanyProject/VoltStoreManager/src/components/common/CustomeTextInputWithHeader.tsx","statementMap":{"0":{"start":{"line":6,"column":15},"end":{"line":12,"column":2}},"1":{"start":{"line":15,"column":2},"end":{"line":20,"column":4}}},"fnMap":{"0":{"name":"(anonymous_0)","decl":{"start":{"line":14,"column":15},"end":{"line":14,"column":16}},"loc":{"start":{"line":14,"column":78},"end":{"line":21,"column":1}},"line":14}},"branchMap":{},"s":{"0":1,"1":2},"f":{"0":2},"b":{},"_coverageSchema":"1a1c01bbd47fc00a2c39e90264f33305004495a9","hash":"ddd6e9e0fdbbd655fefba778f0645fdbf7f06d27"}
,"/Volumes/HossamSSD/Freelance/DukkaanyProject/VoltStoreManager/src/components/common/ListItem.tsx": {"path":"/Volumes/HossamSSD/Freelance/DukkaanyProject/VoltStoreManager/src/components/common/ListItem.tsx","statementMap":{"0":{"start":{"line":19,"column":43},"end":{"line":55,"column":1}},"1":{"start":{"line":30,"column":19},"end":{"line":30,"column":29}},"2":{"start":{"line":31,"column":2},"end":{"line":54,"column":4}},"3":{"start":{"line":56,"column":15},"end":{"line":74,"column":2}}},"fnMap":{"0":{"name":"(anonymous_0)","decl":{"start":{"line":19,"column":43},"end":{"line":19,"column":44}},"loc":{"start":{"line":29,"column":6},"end":{"line":55,"column":1}},"line":29}},"branchMap":{"0":{"loc":{"start":{"line":34,"column":9},"end":{"line":34,"column":29}},"type":"binary-expr","locations":[{"start":{"line":34,"column":9},"end":{"line":34,"column":17}},{"start":{"line":34,"column":21},"end":{"line":34,"column":29}}],"line":34},"1":{"loc":{"start":{"line":35,"column":9},"end":{"line":35,"column":33}},"type":"binary-expr","locations":[{"start":{"line":35,"column":9},"end":{"line":35,"column":19}},{"start":{"line":35,"column":23},"end":{"line":35,"column":33}}],"line":35},"2":{"loc":{"start":{"line":36,"column":9},"end":{"line":50,"column":9}},"type":"binary-expr","locations":[{"start":{"line":36,"column":9},"end":{"line":36,"column":15}},{"start":{"line":37,"column":10},"end":{"line":49,"column":17}}],"line":36},"3":{"loc":{"start":{"line":43,"column":13},"end":{"line":48,"column":13}},"type":"binary-expr","locations":[{"start":{"line":43,"column":13},"end":{"line":43,"column":18}},{"start":{"line":44,"column":14},"end":{"line":47,"column":28}}],"line":43},"4":{"loc":{"start":{"line":51,"column":9},"end":{"line":51,"column":31}},"type":"binary-expr","locations":[{"start":{"line":51,"column":9},"end":{"line":51,"column":18}},{"start":{"line":51,"column":22},"end":{"line":51,"column":31}}],"line":51}},"s":{"0":1,"1":2,"2":2,"3":1},"f":{"0":2},"b":{"0":[2,2],"1":[2,2],"2":[2,0],"3":[0,0],"4":[2,0]},"_coverageSchema":"1a1c01bbd47fc00a2c39e90264f33305004495a9","hash":"09cb5969c61e26e71acf4aaa8791d59356542a82"}
,"/Volumes/HossamSSD/Freelance/DukkaanyProject/VoltStoreManager/src/components/common/RenderHtmlComponent.tsx": {"path":"/Volumes/HossamSSD/Freelance/DukkaanyProject/VoltStoreManager/src/components/common/RenderHtmlComponent.tsx","statementMap":{"0":{"start":{"line":6,"column":18},"end":{"line":6,"column":39}},"1":{"start":{"line":8,"column":2},"end":{"line":28,"column":4}}},"fnMap":{"0":{"name":"(anonymous_0)","decl":{"start":{"line":5,"column":15},"end":{"line":5,"column":16}},"loc":{"start":{"line":5,"column":75},"end":{"line":29,"column":1}},"line":5}},"branchMap":{"0":{"loc":{"start":{"line":18,"column":17},"end":{"line":18,"column":36}},"type":"binary-expr","locations":[{"start":{"line":18,"column":17},"end":{"line":18,"column":26}},{"start":{"line":18,"column":30},"end":{"line":18,"column":36}}],"line":18}},"s":{"0":1,"1":1},"f":{"0":1},"b":{"0":[1,1]},"_coverageSchema":"1a1c01bbd47fc00a2c39e90264f33305004495a9","hash":"43a44080b496f19ff603863c17759fb04f9df407"}
,"/Volumes/HossamSSD/Freelance/DukkaanyProject/VoltStoreManager/src/components/loginModule/LoginErrorMessage.tsx": {"path":"/Volumes/HossamSSD/Freelance/DukkaanyProject/VoltStoreManager/src/components/loginModule/LoginErrorMessage.tsx","statementMap":{"0":{"start":{"line":18,"column":2},"end":{"line":28,"column":9}},"1":{"start":{"line":31,"column":15},"end":{"line":48,"column":2}}},"fnMap":{"0":{"name":"(anonymous_0)","decl":{"start":{"line":7,"column":15},"end":{"line":7,"column":16}},"loc":{"start":{"line":18,"column":2},"end":{"line":28,"column":9}},"line":18}},"branchMap":{"0":{"loc":{"start":{"line":19,"column":5},"end":{"line":25,"column":5}},"type":"binary-expr","locations":[{"start":{"line":19,"column":5},"end":{"line":19,"column":23}},{"start":{"line":20,"column":6},"end":{"line":24,"column":8}}],"line":19}},"s":{"0":0,"1":1},"f":{"0":0},"b":{"0":[0,0]},"_coverageSchema":"1a1c01bbd47fc00a2c39e90264f33305004495a9","hash":"40774ca1a2e6d378cd890226dec444b9690ead2e"}
,"/Volumes/HossamSSD/Freelance/DukkaanyProject/VoltStoreManager/src/components/pageHeader/Icon.tsx": {"path":"/Volumes/HossamSSD/Freelance/DukkaanyProject/VoltStoreManager/src/components/pageHeader/Icon.tsx","statementMap":{"0":{"start":{"line":16,"column":19},"end":{"line":16,"column":29}},"1":{"start":{"line":17,"column":2},"end":{"line":33,"column":4}},"2":{"start":{"line":36,"column":15},"end":{"line":53,"column":2}}},"fnMap":{"0":{"name":"(anonymous_0)","decl":{"start":{"line":15,"column":15},"end":{"line":15,"column":16}},"loc":{"start":{"line":15,"column":73},"end":{"line":34,"column":1}},"line":15}},"branchMap":{"0":{"loc":{"start":{"line":22,"column":8},"end":{"line":30,"column":9}},"type":"cond-expr","locations":[{"start":{"line":23,"column":10},"end":{"line":23,"column":17}},{"start":{"line":25,"column":10},"end":{"line":29,"column":12}}],"line":22}},"s":{"0":0,"1":0,"2":1},"f":{"0":0},"b":{"0":[0,0]},"_coverageSchema":"1a1c01bbd47fc00a2c39e90264f33305004495a9","hash":"dedca938b21bad03b7950d8d9951503fc54244fe"}
,"/Volumes/HossamSSD/Freelance/DukkaanyProject/VoltStoreManager/src/components/pageHeader/SearchAndFilter.tsx": {"path":"/Volumes/HossamSSD/Freelance/DukkaanyProject/VoltStoreManager/src/components/pageHeader/SearchAndFilter.tsx","statementMap":{"0":{"start":{"line":18,"column":24},"end":{"line":43,"column":1}},"1":{"start":{"line":29,"column":2},"end":{"line":42,"column":9}},"2":{"start":{"line":45,"column":15},"end":{"line":49,"column":2}}},"fnMap":{"0":{"name":"(anonymous_0)","decl":{"start":{"line":18,"column":24},"end":{"line":18,"column":25}},"loc":{"start":{"line":29,"column":2},"end":{"line":42,"column":9}},"line":29}},"branchMap":{"0":{"loc":{"start":{"line":20,"column":4},"end":{"line":20,"column":22}},"type":"default-arg","locations":[{"start":{"line":20,"column":17},"end":{"line":20,"column":22}}],"line":20},"1":{"loc":{"start":{"line":33,"column":19},"end":{"line":33,"column":77}},"type":"binary-expr","locations":[{"start":{"line":33,"column":19},"end":{"line":33,"column":36}},{"start":{"line":33,"column":40},"end":{"line":33,"column":77}}],"line":33},"2":{"loc":{"start":{"line":39,"column":5},"end":{"line":41,"column":5}},"type":"binary-expr","locations":[{"start":{"line":39,"column":5},"end":{"line":39,"column":24}},{"start":{"line":40,"column":6},"end":{"line":40,"column":74}}],"line":39}},"s":{"0":1,"1":0,"2":1},"f":{"0":0},"b":{"0":[0],"1":[0,0],"2":[0,0]},"_coverageSchema":"1a1c01bbd47fc00a2c39e90264f33305004495a9","hash":"8ff6ebe560aeadbd9207d19dcd11fa7b9395362a"}
,"/Volumes/HossamSSD/Freelance/DukkaanyProject/VoltStoreManager/src/components/pageHeader/TopSection.tsx": {"path":"/Volumes/HossamSSD/Freelance/DukkaanyProject/VoltStoreManager/src/components/pageHeader/TopSection.tsx","statementMap":{"0":{"start":{"line":33,"column":23},"end":{"line":41,"column":1}},"1":{"start":{"line":34,"column":2},"end":{"line":40,"column":9}},"2":{"start":{"line":59,"column":21},"end":{"line":59,"column":58}},"3":{"start":{"line":60,"column":2},"end":{"line":78,"column":4}},"4":{"start":{"line":67,"column":53},"end":{"line":67,"column":72}},"5":{"start":{"line":81,"column":15},"end":{"line":91,"column":2}}},"fnMap":{"0":{"name":"(anonymous_0)","decl":{"start":{"line":33,"column":23},"end":{"line":33,"column":24}},"loc":{"start":{"line":34,"column":2},"end":{"line":40,"column":9}},"line":34},"1":{"name":"(anonymous_1)","decl":{"start":{"line":43,"column":15},"end":{"line":43,"column":16}},"loc":{"start":{"line":58,"column":23},"end":{"line":79,"column":1}},"line":58},"2":{"name":"(anonymous_2)","decl":{"start":{"line":67,"column":47},"end":{"line":67,"column":48}},"loc":{"start":{"line":67,"column":53},"end":{"line":67,"column":72}},"line":67}},"branchMap":{"0":{"loc":{"start":{"line":36,"column":14},"end":{"line":36,"column":59}},"type":"binary-expr","locations":[{"start":{"line":36,"column":14},"end":{"line":36,"column":23}},{"start":{"line":36,"column":27},"end":{"line":36,"column":59}}],"line":36},"1":{"loc":{"start":{"line":45,"column":2},"end":{"line":45,"column":17}},"type":"default-arg","locations":[{"start":{"line":45,"column":13},"end":{"line":45,"column":17}}],"line":45},"2":{"loc":{"start":{"line":46,"column":2},"end":{"line":46,"column":17}},"type":"default-arg","locations":[{"start":{"line":46,"column":13},"end":{"line":46,"column":17}}],"line":46},"3":{"loc":{"start":{"line":47,"column":2},"end":{"line":47,"column":17}},"type":"default-arg","locations":[{"start":{"line":47,"column":13},"end":{"line":47,"column":17}}],"line":47},"4":{"loc":{"start":{"line":48,"column":2},"end":{"line":48,"column":19}},"type":"default-arg","locations":[{"start":{"line":48,"column":14},"end":{"line":48,"column":19}}],"line":48},"5":{"loc":{"start":{"line":64,"column":7},"end":{"line":69,"column":7}},"type":"binary-expr","locations":[{"start":{"line":64,"column":7},"end":{"line":64,"column":15}},{"start":{"line":65,"column":8},"end":{"line":68,"column":10}}],"line":64},"6":{"loc":{"start":{"line":67,"column":19},"end":{"line":67,"column":72}},"type":"cond-expr","locations":[{"start":{"line":67,"column":33},"end":{"line":67,"column":44}},{"start":{"line":67,"column":47},"end":{"line":67,"column":72}}],"line":67},"7":{"loc":{"start":{"line":70,"column":7},"end":{"line":70,"column":52}},"type":"binary-expr","locations":[{"start":{"line":70,"column":7},"end":{"line":70,"column":15}},{"start":{"line":70,"column":19},"end":{"line":70,"column":52}}],"line":70},"8":{"loc":{"start":{"line":71,"column":7},"end":{"line":73,"column":7}},"type":"binary-expr","locations":[{"start":{"line":71,"column":7},"end":{"line":71,"column":13}},{"start":{"line":72,"column":8},"end":{"line":72,"column":74}}],"line":71},"9":{"loc":{"start":{"line":74,"column":7},"end":{"line":74,"column":61}},"type":"binary-expr","locations":[{"start":{"line":74,"column":7},"end":{"line":74,"column":15}},{"start":{"line":74,"column":19},"end":{"line":74,"column":61}}],"line":74},"10":{"loc":{"start":{"line":75,"column":7},"end":{"line":75,"column":60}},"type":"binary-expr","locations":[{"start":{"line":75,"column":7},"end":{"line":75,"column":16}},{"start":{"line":75,"column":20},"end":{"line":75,"column":60}}],"line":75}},"s":{"0":1,"1":0,"2":1,"3":1,"4":0,"5":1},"f":{"0":0,"1":1,"2":0},"b":{"0":[0,0],"1":[0],"2":[0],"3":[0],"4":[0],"5":[1,0],"6":[0,0],"7":[1,0],"8":[1,0],"9":[1,0],"10":[1,0]},"_coverageSchema":"1a1c01bbd47fc00a2c39e90264f33305004495a9","hash":"72acaec20085e6a03052a9206d8a83ec3fbb9bd0"}
,"/Volumes/HossamSSD/Freelance/DukkaanyProject/VoltStoreManager/src/components/pageHeader/index.tsx": {"path":"/Volumes/HossamSSD/Freelance/DukkaanyProject/VoltStoreManager/src/components/pageHeader/index.tsx","statementMap":{"0":{"start":{"line":11,"column":19},"end":{"line":76,"column":1}},"1":{"start":{"line":41,"column":2},"end":{"line":75,"column":4}},"2":{"start":{"line":78,"column":15},"end":{"line":80,"column":2}}},"fnMap":{"0":{"name":"(anonymous_0)","decl":{"start":{"line":11,"column":19},"end":{"line":11,"column":20}},"loc":{"start":{"line":39,"column":5},"end":{"line":76,"column":1}},"line":39}},"branchMap":{"0":{"loc":{"start":{"line":14,"column":4},"end":{"line":14,"column":27}},"type":"default-arg","locations":[{"start":{"line":14,"column":23},"end":{"line":14,"column":27}}],"line":14},"1":{"loc":{"start":{"line":20,"column":4},"end":{"line":20,"column":21}},"type":"default-arg","locations":[{"start":{"line":20,"column":16},"end":{"line":20,"column":21}}],"line":20},"2":{"loc":{"start":{"line":61,"column":7},"end":{"line":73,"column":7}},"type":"binary-expr","locations":[{"start":{"line":61,"column":7},"end":{"line":61,"column":32}},{"start":{"line":62,"column":8},"end":{"line":72,"column":10}}],"line":61}},"s":{"0":1,"1":1,"2":1},"f":{"0":1},"b":{"0":[0],"1":[0],"2":[1,0]},"_coverageSchema":"1a1c01bbd47fc00a2c39e90264f33305004495a9","hash":"87c0d3a84902f0005a1852fa825db8ce9de3d079"}
,"/Volumes/HossamSSD/Freelance/DukkaanyProject/VoltStoreManager/src/hooks/useRFontValue.tsx": {"path":"/Volumes/HossamSSD/Freelance/DukkaanyProject/VoltStoreManager/src/hooks/useRFontValue.tsx","statementMap":{"0":{"start":{"line":5,"column":22},"end":{"line":25,"column":1}},"1":{"start":{"line":6,"column":26},"end":{"line":6,"column":47}},"2":{"start":{"line":7,"column":26},"end":{"line":7,"column":49}},"3":{"start":{"line":8,"column":2},"end":{"line":21,"column":51}},"4":{"start":{"line":9,"column":27},"end":{"line":9,"column":58}},"5":{"start":{"line":11,"column":6},"end":{"line":15,"column":39}},"6":{"start":{"line":18,"column":6},"end":{"line":18,"column":74}},"7":{"start":{"line":20,"column":4},"end":{"line":20,"column":59}},"8":{"start":{"line":24,"column":2},"end":{"line":24,"column":26}}},"fnMap":{"0":{"name":"(anonymous_0)","decl":{"start":{"line":5,"column":22},"end":{"line":5,"column":23}},"loc":{"start":{"line":5,"column":66},"end":{"line":25,"column":1}},"line":5},"1":{"name":"(anonymous_1)","decl":{"start":{"line":8,"column":12},"end":{"line":8,"column":13}},"loc":{"start":{"line":8,"column":18},"end":{"line":21,"column":3}},"line":8}},"branchMap":{"0":{"loc":{"start":{"line":5,"column":23},"end":{"line":5,"column":33}},"type":"default-arg","locations":[{"start":{"line":5,"column":31},"end":{"line":5,"column":33}}],"line":5},"1":{"loc":{"start":{"line":5,"column":35},"end":{"line":5,"column":61}},"type":"default-arg","locations":[{"start":{"line":5,"column":58},"end":{"line":5,"column":61}}],"line":5},"2":{"loc":{"start":{"line":9,"column":27},"end":{"line":9,"column":58}},"type":"cond-expr","locations":[{"start":{"line":9,"column":44},"end":{"line":9,"column":49}},{"start":{"line":9,"column":52},"end":{"line":9,"column":58}}],"line":9},"3":{"loc":{"start":{"line":11,"column":6},"end":{"line":15,"column":39}},"type":"binary-expr","locations":[{"start":{"line":11,"column":7},"end":{"line":15,"column":33}},{"start":{"line":15,"column":38},"end":{"line":15,"column":39}}],"line":11},"4":{"loc":{"start":{"line":11,"column":7},"end":{"line":15,"column":33}},"type":"cond-expr","locations":[{"start":{"line":12,"column":10},"end":{"line":12,"column":11}},{"start":{"line":13,"column":10},"end":{"line":15,"column":33}}],"line":11},"5":{"loc":{"start":{"line":13,"column":10},"end":{"line":15,"column":33}},"type":"cond-expr","locations":[{"start":{"line":14,"column":10},"end":{"line":14,"column":12}},{"start":{"line":15,"column":10},"end":{"line":15,"column":33}}],"line":13},"6":{"loc":{"start":{"line":18,"column":6},"end":{"line":18,"column":74}},"type":"cond-expr","locations":[{"start":{"line":18,"column":34},"end":{"line":18,"column":57}},{"start":{"line":18,"column":60},"end":{"line":18,"column":74}}],"line":18}},"s":{"0":1,"1":2,"2":2,"3":2,"4":0,"5":0,"6":0,"7":0,"8":2},"f":{"0":2,"1":0},"b":{"0":[0],"1":[2],"2":[0,0],"3":[0,0],"4":[0,0],"5":[0,0],"6":[0,0]},"_coverageSchema":"1a1c01bbd47fc00a2c39e90264f33305004495a9","hash":"8ae58cdef0953c663da91491a1f891fc5b8090c6"}
,"/Volumes/HossamSSD/Freelance/DukkaanyProject/VoltStoreManager/src/pages/SimpleTest.tsx": {"path":"/Volumes/HossamSSD/Freelance/DukkaanyProject/VoltStoreManager/src/pages/SimpleTest.tsx","statementMap":{"0":{"start":{"line":4,"column":19},"end":{"line":19,"column":1}},"1":{"start":{"line":5,"column":26},"end":{"line":5,"column":38}},"2":{"start":{"line":6,"column":17},"end":{"line":6,"column":41}},"3":{"start":{"line":8,"column":2},"end":{"line":10,"column":9}},"4":{"start":{"line":9,"column":4},"end":{"line":9,"column":32}},"5":{"start":{"line":11,"column":2},"end":{"line":18,"column":4}},"6":{"start":{"line":14,"column":53},"end":{"line":14,"column":74}}},"fnMap":{"0":{"name":"(anonymous_0)","decl":{"start":{"line":4,"column":19},"end":{"line":4,"column":20}},"loc":{"start":{"line":4,"column":25},"end":{"line":19,"column":1}},"line":4},"1":{"name":"(anonymous_1)","decl":{"start":{"line":8,"column":12},"end":{"line":8,"column":13}},"loc":{"start":{"line":8,"column":18},"end":{"line":10,"column":3}},"line":8},"2":{"name":"(anonymous_2)","decl":{"start":{"line":14,"column":47},"end":{"line":14,"column":48}},"loc":{"start":{"line":14,"column":53},"end":{"line":14,"column":74}},"line":14}},"branchMap":{},"s":{"0":1,"1":1,"2":1,"3":1,"4":0,"5":1,"6":0},"f":{"0":1,"1":0,"2":0},"b":{},"_coverageSchema":"1a1c01bbd47fc00a2c39e90264f33305004495a9","hash":"43435113d71411a8f38b7edc3def389eeb909996"}
,"/Volumes/HossamSSD/Freelance/DukkaanyProject/VoltStoreManager/src/pages/loginModule/Login.tsx": {"path":"/Volumes/HossamSSD/Freelance/DukkaanyProject/VoltStoreManager/src/pages/loginModule/Login.tsx","statementMap":{"0":{"start":{"line":27,"column":14},"end":{"line":189,"column":1}},"1":{"start":{"line":28,"column":19},"end":{"line":28,"column":40}},"2":{"start":{"line":29,"column":19},"end":{"line":29,"column":32}},"3":{"start":{"line":30,"column":22},"end":{"line":30,"column":67}},"4":{"start":{"line":30,"column":56},"end":{"line":30,"column":66}},"5":{"start":{"line":31,"column":19},"end":{"line":31,"column":29}},"6":{"start":{"line":32,"column":36},"end":{"line":32,"column":51}},"7":{"start":{"line":33,"column":48},"end":{"line":33,"column":77}},"8":{"start":{"line":39,"column":30},"end":{"line":44,"column":4}},"9":{"start":{"line":46,"column":2},"end":{"line":52,"column":37}},"10":{"start":{"line":47,"column":4},"end":{"line":51,"column":5}},"11":{"start":{"line":48,"column":6},"end":{"line":48,"column":39}},"12":{"start":{"line":50,"column":6},"end":{"line":50,"column":29}},"13":{"start":{"line":54,"column":30},"end":{"line":59,"column":4}},"14":{"start":{"line":85,"column":25},"end":{"line":99,"column":3}},"15":{"start":{"line":86,"column":4},"end":{"line":86,"column":25}},"16":{"start":{"line":87,"column":4},"end":{"line":87,"column":26}},"17":{"start":{"line":89,"column":4},"end":{"line":98,"column":7}},"18":{"start":{"line":91,"column":6},"end":{"line":97,"column":7}},"19":{"start":{"line":92,"column":8},"end":{"line":92,"column":62}},"20":{"start":{"line":93,"column":8},"end":{"line":93,"column":41}},"21":{"start":{"line":94,"column":13},"end":{"line":97,"column":7}},"22":{"start":{"line":95,"column":8},"end":{"line":95,"column":41}},"23":{"start":{"line":96,"column":8},"end":{"line":96,"column":31}},"24":{"start":{"line":101,"column":2},"end":{"line":103,"column":3}},"25":{"start":{"line":102,"column":4},"end":{"line":102,"column":25}},"26":{"start":{"line":104,"column":2},"end":{"line":188,"column":4}},"27":{"start":{"line":142,"column":14},"end":{"line":182,"column":21}},"28":{"start":{"line":190,"column":15},"end":{"line":195,"column":2}}},"fnMap":{"0":{"name":"(anonymous_0)","decl":{"start":{"line":27,"column":14},"end":{"line":27,"column":15}},"loc":{"start":{"line":27,"column":61},"end":{"line":189,"column":1}},"line":27},"1":{"name":"(anonymous_1)","decl":{"start":{"line":30,"column":34},"end":{"line":30,"column":35}},"loc":{"start":{"line":30,"column":56},"end":{"line":30,"column":66}},"line":30},"2":{"name":"(anonymous_2)","decl":{"start":{"line":46,"column":12},"end":{"line":46,"column":13}},"loc":{"start":{"line":46,"column":18},"end":{"line":52,"column":3}},"line":46},"3":{"name":"(anonymous_3)","decl":{"start":{"line":85,"column":25},"end":{"line":85,"column":26}},"loc":{"start":{"line":85,"column":53},"end":{"line":99,"column":3}},"line":85},"4":{"name":"(anonymous_4)","decl":{"start":{"line":89,"column":35},"end":{"line":89,"column":36}},"loc":{"start":{"line":89,"column":47},"end":{"line":98,"column":5}},"line":89},"5":{"name":"(anonymous_5)","decl":{"start":{"line":135,"column":13},"end":{"line":135,"column":14}},"loc":{"start":{"line":142,"column":14},"end":{"line":182,"column":21}},"line":142}},"branchMap":{"0":{"loc":{"start":{"line":47,"column":4},"end":{"line":51,"column":5}},"type":"if","locations":[{"start":{"line":47,"column":4},"end":{"line":51,"column":5}},{"start":{"line":49,"column":11},"end":{"line":51,"column":5}}],"line":47},"1":{"loc":{"start":{"line":91,"column":6},"end":{"line":97,"column":7}},"type":"if","locations":[{"start":{"line":91,"column":6},"end":{"line":97,"column":7}},{"start":{"line":94,"column":13},"end":{"line":97,"column":7}}],"line":91},"2":{"loc":{"start":{"line":94,"column":13},"end":{"line":97,"column":7}},"type":"if","locations":[{"start":{"line":94,"column":13},"end":{"line":97,"column":7}},{"start":{},"end":{}}],"line":94},"3":{"loc":{"start":{"line":101,"column":2},"end":{"line":103,"column":3}},"type":"if","locations":[{"start":{"line":101,"column":2},"end":{"line":103,"column":3}},{"start":{},"end":{}}],"line":101},"4":{"loc":{"start":{"line":128,"column":9},"end":{"line":128,"column":75}},"type":"binary-expr","locations":[{"start":{"line":128,"column":9},"end":{"line":128,"column":24}},{"start":{"line":128,"column":28},"end":{"line":128,"column":75}}],"line":128},"5":{"loc":{"start":{"line":149,"column":35},"end":{"line":149,"column":70}},"type":"cond-expr","locations":[{"start":{"line":149,"column":53},"end":{"line":149,"column":65}},{"start":{"line":149,"column":68},"end":{"line":149,"column":70}}],"line":149},"6":{"loc":{"start":{"line":166,"column":35},"end":{"line":166,"column":70}},"type":"cond-expr","locations":[{"start":{"line":166,"column":53},"end":{"line":166,"column":65}},{"start":{"line":166,"column":68},"end":{"line":166,"column":70}}],"line":166}},"s":{"0":1,"1":1,"2":1,"3":1,"4":1,"5":1,"6":1,"7":1,"8":1,"9":1,"10":0,"11":0,"12":0,"13":1,"14":1,"15":0,"16":0,"17":0,"18":0,"19":0,"20":0,"21":0,"22":0,"23":0,"24":1,"25":0,"26":1,"27":1,"28":1},"f":{"0":1,"1":1,"2":0,"3":0,"4":0,"5":1},"b":{"0":[0,0],"1":[0,0],"2":[0,0],"3":[0,1],"4":[1,0],"5":[0,1],"6":[0,1]},"_coverageSchema":"1a1c01bbd47fc00a2c39e90264f33305004495a9","hash":"ff95099ff2215ed46544bbc53ae049d5a8706da7"}
,"/Volumes/HossamSSD/Freelance/DukkaanyProject/VoltStoreManager/src/redux/appSettings.tsx": {"path":"/Volumes/HossamSSD/Freelance/DukkaanyProject/VoltStoreManager/src/redux/appSettings.tsx","statementMap":{"0":{"start":{"line":4,"column":21},"end":{"line":7,"column":1}},"1":{"start":{"line":9,"column":20},"end":{"line":20,"column":2}},"2":{"start":{"line":14,"column":6},"end":{"line":14,"column":34}},"3":{"start":{"line":17,"column":6},"end":{"line":17,"column":37}},"4":{"start":{"line":22,"column":57},"end":{"line":22,"column":76}}},"fnMap":{"0":{"name":"(anonymous_0)","decl":{"start":{"line":13,"column":23},"end":{"line":13,"column":24}},"loc":{"start":{"line":13,"column":45},"end":{"line":15,"column":5}},"line":13},"1":{"name":"(anonymous_1)","decl":{"start":{"line":16,"column":26},"end":{"line":16,"column":27}},"loc":{"start":{"line":16,"column":48},"end":{"line":18,"column":5}},"line":16}},"branchMap":{},"s":{"0":1,"1":1,"2":0,"3":0,"4":1},"f":{"0":0,"1":0},"b":{},"_coverageSchema":"1a1c01bbd47fc00a2c39e90264f33305004495a9","hash":"9ad5137e113039cc7a36fb8d6cd7a9fe2e40b651"}
,"/Volumes/HossamSSD/Freelance/DukkaanyProject/VoltStoreManager/src/redux/store.tsx": {"path":"/Volumes/HossamSSD/Freelance/DukkaanyProject/VoltStoreManager/src/redux/store.tsx","statementMap":{"0":{"start":{"line":8,"column":22},"end":{"line":12,"column":1}},"1":{"start":{"line":14,"column":20},"end":{"line":14,"column":56}},"2":{"start":{"line":15,"column":25},"end":{"line":15,"column":67}},"3":{"start":{"line":18,"column":21},"end":{"line":22,"column":2}},"4":{"start":{"line":21,"column":4},"end":{"line":21,"column":52}}},"fnMap":{"0":{"name":"(anonymous_0)","decl":{"start":{"line":20,"column":14},"end":{"line":20,"column":15}},"loc":{"start":{"line":21,"column":4},"end":{"line":21,"column":52}},"line":21}},"branchMap":{},"s":{"0":1,"1":1,"2":1,"3":1,"4":1},"f":{"0":1},"b":{},"_coverageSchema":"1a1c01bbd47fc00a2c39e90264f33305004495a9","hash":"9a9b73ae706d388d966b159521f3641461970783"}
,"/Volumes/HossamSSD/Freelance/DukkaanyProject/VoltStoreManager/src/redux/user.tsx": {"path":"/Volumes/HossamSSD/Freelance/DukkaanyProject/VoltStoreManager/src/redux/user.tsx","statementMap":{"0":{"start":{"line":2,"column":19},"end":{"line":13,"column":1}},"1":{"start":{"line":16,"column":4},"end":{"line":18,"column":1}},"2":{"start":{"line":20,"column":13},"end":{"line":31,"column":2}},"3":{"start":{"line":25,"column":6},"end":{"line":25,"column":32}},"4":{"start":{"line":28,"column":6},"end":{"line":28,"column":29}},"5":{"start":{"line":33,"column":50},"end":{"line":33,"column":62}}},"fnMap":{"0":{"name":"(anonymous_0)","decl":{"start":{"line":24,"column":24},"end":{"line":24,"column":25}},"loc":{"start":{"line":24,"column":46},"end":{"line":26,"column":5}},"line":24},"1":{"name":"(anonymous_1)","decl":{"start":{"line":27,"column":18},"end":{"line":27,"column":19}},"loc":{"start":{"line":27,"column":27},"end":{"line":29,"column":5}},"line":27}},"branchMap":{},"s":{"0":1,"1":1,"2":1,"3":0,"4":0,"5":1},"f":{"0":0,"1":0},"b":{},"_coverageSchema":"1a1c01bbd47fc00a2c39e90264f33305004495a9","hash":"05739c5099042562e6ef138d82e6ad8a3f6f6e02"}
,"/Volumes/HossamSSD/Freelance/DukkaanyProject/VoltStoreManager/src/utils/APIs.tsx": {"path":"/Volumes/HossamSSD/Freelance/DukkaanyProject/VoltStoreManager/src/utils/APIs.tsx","statementMap":{"0":{"start":{"line":4,"column":13},"end":{"line":4,"column":26}},"1":{"start":{"line":14,"column":30},"end":{"line":22,"column":1}},"2":{"start":{"line":15,"column":2},"end":{"line":21,"column":3}},"3":{"start":{"line":16,"column":4},"end":{"line":18,"column":7}},"4":{"start":{"line":20,"column":4},"end":{"line":20,"column":31}},"5":{"start":{"line":24,"column":28},"end":{"line":32,"column":1}},"6":{"start":{"line":25,"column":2},"end":{"line":31,"column":3}},"7":{"start":{"line":26,"column":4},"end":{"line":28,"column":7}},"8":{"start":{"line":30,"column":4},"end":{"line":30,"column":31}},"9":{"start":{"line":34,"column":33},"end":{"line":51,"column":1}},"10":{"start":{"line":41,"column":2},"end":{"line":50,"column":3}},"11":{"start":{"line":42,"column":4},"end":{"line":47,"column":6}},"12":{"start":{"line":49,"column":4},"end":{"line":49,"column":31}},"13":{"start":{"line":53,"column":32},"end":{"line":65,"column":24}},"14":{"start":{"line":58,"column":2},"end":{"line":65,"column":24}},"15":{"start":{"line":64,"column":17},"end":{"line":64,"column":25}},"16":{"start":{"line":67,"column":32},"end":{"line":79,"column":24}},"17":{"start":{"line":72,"column":2},"end":{"line":79,"column":24}},"18":{"start":{"line":78,"column":17},"end":{"line":78,"column":25}},"19":{"start":{"line":81,"column":30},"end":{"line":110,"column":1}},"20":{"start":{"line":86,"column":17},"end":{"line":86,"column":35}},"21":{"start":{"line":87,"column":18},"end":{"line":87,"column":31}},"22":{"start":{"line":88,"column":2},"end":{"line":91,"column":4}},"23":{"start":{"line":92,"column":2},"end":{"line":92,"column":49}},"24":{"start":{"line":93,"column":2},"end":{"line":96,"column":4}},"25":{"start":{"line":97,"column":2},"end":{"line":97,"column":79}},"26":{"start":{"line":99,"column":25},"end":{"line":104,"column":3}},"27":{"start":{"line":106,"column":2},"end":{"line":109,"column":27}},"28":{"start":{"line":107,"column":22},"end":{"line":107,"column":37}},"29":{"start":{"line":108,"column":20},"end":{"line":108,"column":26}},"30":{"start":{"line":109,"column":20},"end":{"line":109,"column":25}},"31":{"start":{"line":112,"column":32},"end":{"line":118,"column":24}},"32":{"start":{"line":113,"column":2},"end":{"line":118,"column":24}},"33":{"start":{"line":117,"column":17},"end":{"line":117,"column":25}},"34":{"start":{"line":128,"column":21},"end":{"line":141,"column":1}},"35":{"start":{"line":129,"column":2},"end":{"line":139,"column":3}},"36":{"start":{"line":130,"column":4},"end":{"line":130,"column":44}},"37":{"start":{"line":131,"column":4},"end":{"line":138,"column":5}},"38":{"start":{"line":132,"column":26},"end":{"line":132,"column":40}},"39":{"start":{"line":133,"column":6},"end":{"line":133,"column":54}},"40":{"start":{"line":134,"column":6},"end":{"line":134,"column":44}},"41":{"start":{"line":135,"column":11},"end":{"line":138,"column":5}},"42":{"start":{"line":136,"column":6},"end":{"line":136,"column":52}},"43":{"start":{"line":137,"column":6},"end":{"line":137,"column":62}},"44":{"start":{"line":140,"column":2},"end":{"line":140,"column":48}}},"fnMap":{"0":{"name":"(anonymous_0)","decl":{"start":{"line":14,"column":30},"end":{"line":14,"column":31}},"loc":{"start":{"line":14,"column":73},"end":{"line":22,"column":1}},"line":14},"1":{"name":"(anonymous_1)","decl":{"start":{"line":24,"column":28},"end":{"line":24,"column":29}},"loc":{"start":{"line":24,"column":71},"end":{"line":32,"column":1}},"line":24},"2":{"name":"(anonymous_2)","decl":{"start":{"line":34,"column":33},"end":{"line":34,"column":34}},"loc":{"start":{"line":40,"column":73},"end":{"line":51,"column":1}},"line":40},"3":{"name":"(anonymous_3)","decl":{"start":{"line":53,"column":32},"end":{"line":53,"column":33}},"loc":{"start":{"line":58,"column":2},"end":{"line":65,"column":24}},"line":58},"4":{"name":"(anonymous_4)","decl":{"start":{"line":64,"column":10},"end":{"line":64,"column":11}},"loc":{"start":{"line":64,"column":17},"end":{"line":64,"column":25}},"line":64},"5":{"name":"(anonymous_5)","decl":{"start":{"line":67,"column":32},"end":{"line":67,"column":33}},"loc":{"start":{"line":72,"column":2},"end":{"line":79,"column":24}},"line":72},"6":{"name":"(anonymous_6)","decl":{"start":{"line":78,"column":10},"end":{"line":78,"column":11}},"loc":{"start":{"line":78,"column":17},"end":{"line":78,"column":25}},"line":78},"7":{"name":"(anonymous_7)","decl":{"start":{"line":81,"column":30},"end":{"line":81,"column":31}},"loc":{"start":{"line":85,"column":31},"end":{"line":110,"column":1}},"line":85},"8":{"name":"(anonymous_8)","decl":{"start":{"line":107,"column":10},"end":{"line":107,"column":11}},"loc":{"start":{"line":107,"column":22},"end":{"line":107,"column":37}},"line":107},"9":{"name":"(anonymous_9)","decl":{"start":{"line":108,"column":10},"end":{"line":108,"column":11}},"loc":{"start":{"line":108,"column":20},"end":{"line":108,"column":26}},"line":108},"10":{"name":"(anonymous_10)","decl":{"start":{"line":109,"column":11},"end":{"line":109,"column":12}},"loc":{"start":{"line":109,"column":20},"end":{"line":109,"column":25}},"line":109},"11":{"name":"(anonymous_11)","decl":{"start":{"line":112,"column":32},"end":{"line":112,"column":33}},"loc":{"start":{"line":113,"column":2},"end":{"line":118,"column":24}},"line":113},"12":{"name":"(anonymous_12)","decl":{"start":{"line":117,"column":10},"end":{"line":117,"column":11}},"loc":{"start":{"line":117,"column":17},"end":{"line":117,"column":25}},"line":117},"13":{"name":"(anonymous_13)","decl":{"start":{"line":128,"column":21},"end":{"line":128,"column":22}},"loc":{"start":{"line":128,"column":52},"end":{"line":141,"column":1}},"line":128}},"branchMap":{"0":{"loc":{"start":{"line":38,"column":2},"end":{"line":38,"column":15}},"type":"default-arg","locations":[{"start":{"line":38,"column":13},"end":{"line":38,"column":15}}],"line":38},"1":{"loc":{"start":{"line":39,"column":2},"end":{"line":39,"column":10}},"type":"default-arg","locations":[{"start":{"line":39,"column":9},"end":{"line":39,"column":10}}],"line":39},"2":{"loc":{"start":{"line":59,"column":47},"end":{"line":59,"column":71}},"type":"cond-expr","locations":[{"start":{"line":59,"column":58},"end":{"line":59,"column":66}},{"start":{"line":59,"column":69},"end":{"line":59,"column":71}}],"line":59},"3":{"loc":{"start":{"line":129,"column":2},"end":{"line":139,"column":3}},"type":"if","locations":[{"start":{"line":129,"column":2},"end":{"line":139,"column":3}},{"start":{},"end":{}}],"line":129},"4":{"loc":{"start":{"line":131,"column":4},"end":{"line":138,"column":5}},"type":"if","locations":[{"start":{"line":131,"column":4},"end":{"line":138,"column":5}},{"start":{"line":135,"column":11},"end":{"line":138,"column":5}}],"line":131},"5":{"loc":{"start":{"line":135,"column":11},"end":{"line":138,"column":5}},"type":"if","locations":[{"start":{"line":135,"column":11},"end":{"line":138,"column":5}},{"start":{},"end":{}}],"line":135}},"s":{"0":2,"1":2,"2":2,"3":2,"4":1,"5":2,"6":2,"7":2,"8":1,"9":2,"10":2,"11":2,"12":1,"13":2,"14":0,"15":0,"16":2,"17":0,"18":0,"19":2,"20":0,"21":0,"22":0,"23":0,"24":0,"25":0,"26":0,"27":0,"28":0,"29":0,"30":0,"31":2,"32":0,"33":0,"34":2,"35":3,"36":0,"37":0,"38":0,"39":0,"40":0,"41":0,"42":0,"43":0,"44":3},"f":{"0":2,"1":2,"2":2,"3":0,"4":0,"5":0,"6":0,"7":0,"8":0,"9":0,"10":0,"11":0,"12":0,"13":3},"b":{"0":[0],"1":[0],"2":[0,0],"3":[0,3],"4":[0,0],"5":[0,0]},"_coverageSchema":"1a1c01bbd47fc00a2c39e90264f33305004495a9","hash":"957c6f61677ad134688c0ee20943d048d2d902ea"}
,"/Volumes/HossamSSD/Freelance/DukkaanyProject/VoltStoreManager/src/utils/appDB.tsx": {"path":"/Volumes/HossamSSD/Freelance/DukkaanyProject/VoltStoreManager/src/utils/appDB.tsx","statementMap":{"0":{"start":{"line":9,"column":29},"end":{"line":13,"column":1}},"1":{"start":{"line":9,"column":35},"end":{"line":13,"column":1}},"2":{"start":{"line":15,"column":32},"end":{"line":19,"column":1}},"3":{"start":{"line":15,"column":38},"end":{"line":19,"column":1}}},"fnMap":{"0":{"name":"(anonymous_0)","decl":{"start":{"line":9,"column":29},"end":{"line":9,"column":30}},"loc":{"start":{"line":9,"column":35},"end":{"line":13,"column":1}},"line":9},"1":{"name":"(anonymous_1)","decl":{"start":{"line":15,"column":32},"end":{"line":15,"column":33}},"loc":{"start":{"line":15,"column":38},"end":{"line":19,"column":1}},"line":15}},"branchMap":{},"s":{"0":1,"1":1,"2":1,"3":1},"f":{"0":1,"1":1},"b":{},"_coverageSchema":"1a1c01bbd47fc00a2c39e90264f33305004495a9","hash":"f69ce9ba60d239dac7bd515826a5afb22396b402"}
}
