TN:
SF:src/assets/logo.png
FNF:0
FNH:0
DA:1,1
LF:1
LH:1
BRF:0
BRH:0
end_of_record
TN:
SF:src/assets/volt.png
FNF:0
FNH:0
DA:1,1
LF:1
LH:1
BRF:0
BRH:0
end_of_record
TN:
SF:src/components/common/AppLoader.tsx
FN:13,(anonymous_0)
FNF:1
FNH:0
FNDA:0,(anonymous_0)
DA:20,0
DA:21,0
DA:33,2
LF:3
LH:1
BRDA:24,0,0,0
BRDA:24,0,1,0
BRDA:28,1,0,0
BRDA:28,1,1,0
BRF:4
BRH:0
end_of_record
TN:
SF:src/components/common/BlockBtn.tsx
FN:6,(anonymous_0)
FNF:1
FNH:1
FNDA:1,(anonymous_0)
DA:7,1
DA:8,1
DA:17,1
LF:3
LH:3
BRF:0
BRH:0
end_of_record
TN:
SF:src/components/common/CustomeButton.tsx
FN:23,(anonymous_0)
FNF:1
FNH:1
FNDA:3,(anonymous_0)
DA:33,3
DA:34,3
DA:53,1
LF:3
LH:3
BRDA:33,0,0,0
BRDA:33,0,1,3
BRDA:36,1,0,3
BRDA:36,1,1,0
BRDA:38,2,0,0
BRDA:38,2,1,3
BRDA:40,3,0,3
BRDA:40,3,1,0
BRDA:42,4,0,0
BRDA:42,4,1,0
BRDA:46,5,0,3
BRDA:46,5,1,0
BRDA:47,6,0,3
BRDA:47,6,1,2
BRF:14
BRH:7
end_of_record
TN:
SF:src/components/common/CustomeIcon.tsx
FN:16,(anonymous_0)
FNF:1
FNH:1
FNDA:2,(anonymous_0)
DA:23,2
DA:24,2
LF:2
LH:2
BRDA:17,0,0,2
BRDA:27,1,0,2
BRDA:27,1,1,0
BRDA:28,2,0,2
BRDA:28,2,1,0
BRF:5
BRH:3
end_of_record
TN:
SF:src/components/common/CustomeImage.tsx
FN:4,(anonymous_0)
FN:13,(anonymous_1)
FNF:2
FNH:2
FNDA:3,(anonymous_0)
FNDA:1,(anonymous_1)
DA:5,3
DA:7,3
DA:13,1
DA:19,2
LF:4
LH:4
BRF:0
BRH:0
end_of_record
TN:
SF:src/components/common/CustomeText.tsx
FN:11,(anonymous_0)
FNF:1
FNH:1
FNDA:2,(anonymous_0)
DA:11,2
DA:17,2
DA:18,2
LF:3
LH:3
BRF:0
BRH:0
end_of_record
TN:
SF:src/components/common/CustomeTextInput.tsx
FN:22,(anonymous_0)
FNF:1
FNH:1
FNDA:2,(anonymous_0)
DA:30,2
DA:31,2
DA:52,1
LF:3
LH:3
BRDA:41,0,0,2
BRDA:41,0,1,0
BRF:2
BRH:1
end_of_record
TN:
SF:src/components/common/CustomeTextInputWithHeader.tsx
FN:14,(anonymous_0)
FNF:1
FNH:1
FNDA:2,(anonymous_0)
DA:6,1
DA:15,2
LF:2
LH:2
BRF:0
BRH:0
end_of_record
TN:
SF:src/components/common/ListItem.tsx
FN:19,(anonymous_0)
FNF:1
FNH:1
FNDA:2,(anonymous_0)
DA:19,1
DA:30,2
DA:31,2
DA:56,1
LF:4
LH:4
BRDA:34,0,0,2
BRDA:34,0,1,2
BRDA:35,1,0,2
BRDA:35,1,1,2
BRDA:36,2,0,2
BRDA:36,2,1,0
BRDA:43,3,0,0
BRDA:43,3,1,0
BRDA:51,4,0,2
BRDA:51,4,1,0
BRF:10
BRH:6
end_of_record
TN:
SF:src/components/common/RenderHtmlComponent.tsx
FN:5,(anonymous_0)
FNF:1
FNH:1
FNDA:1,(anonymous_0)
DA:6,1
DA:8,1
LF:2
LH:2
BRDA:18,0,0,1
BRDA:18,0,1,1
BRF:2
BRH:2
end_of_record
TN:
SF:src/components/loginModule/LoginErrorMessage.tsx
FN:7,(anonymous_0)
FNF:1
FNH:0
FNDA:0,(anonymous_0)
DA:18,0
DA:31,1
LF:2
LH:1
BRDA:19,0,0,0
BRDA:19,0,1,0
BRF:2
BRH:0
end_of_record
TN:
SF:src/components/pageHeader/Icon.tsx
FN:15,(anonymous_0)
FNF:1
FNH:0
FNDA:0,(anonymous_0)
DA:16,0
DA:17,0
DA:36,1
LF:3
LH:1
BRDA:22,0,0,0
BRDA:22,0,1,0
BRF:2
BRH:0
end_of_record
TN:
SF:src/components/pageHeader/SearchAndFilter.tsx
FN:18,(anonymous_0)
FNF:1
FNH:0
FNDA:0,(anonymous_0)
DA:18,1
DA:29,0
DA:45,1
LF:3
LH:2
BRDA:20,0,0,0
BRDA:33,1,0,0
BRDA:33,1,1,0
BRDA:39,2,0,0
BRDA:39,2,1,0
BRF:5
BRH:0
end_of_record
TN:
SF:src/components/pageHeader/TopSection.tsx
FN:33,(anonymous_0)
FN:43,(anonymous_1)
FN:67,(anonymous_2)
FNF:3
FNH:1
FNDA:0,(anonymous_0)
FNDA:1,(anonymous_1)
FNDA:0,(anonymous_2)
DA:33,1
DA:34,0
DA:59,1
DA:60,1
DA:67,0
DA:81,1
LF:6
LH:4
BRDA:36,0,0,0
BRDA:36,0,1,0
BRDA:45,1,0,0
BRDA:46,2,0,0
BRDA:47,3,0,0
BRDA:48,4,0,0
BRDA:64,5,0,1
BRDA:64,5,1,0
BRDA:67,6,0,0
BRDA:67,6,1,0
BRDA:70,7,0,1
BRDA:70,7,1,0
BRDA:71,8,0,1
BRDA:71,8,1,0
BRDA:74,9,0,1
BRDA:74,9,1,0
BRDA:75,10,0,1
BRDA:75,10,1,0
BRF:18
BRH:5
end_of_record
TN:
SF:src/components/pageHeader/index.tsx
FN:11,(anonymous_0)
FNF:1
FNH:1
FNDA:1,(anonymous_0)
DA:11,1
DA:41,1
DA:78,1
LF:3
LH:3
BRDA:14,0,0,0
BRDA:20,1,0,0
BRDA:61,2,0,1
BRDA:61,2,1,0
BRF:4
BRH:1
end_of_record
TN:
SF:src/hooks/useRFontValue.tsx
FN:5,(anonymous_0)
FN:8,(anonymous_1)
FNF:2
FNH:1
FNDA:2,(anonymous_0)
FNDA:0,(anonymous_1)
DA:5,1
DA:6,2
DA:7,2
DA:8,2
DA:9,0
DA:11,0
DA:18,0
DA:20,0
DA:24,2
LF:9
LH:5
BRDA:5,0,0,0
BRDA:5,1,0,2
BRDA:9,2,0,0
BRDA:9,2,1,0
BRDA:11,3,0,0
BRDA:11,3,1,0
BRDA:11,4,0,0
BRDA:11,4,1,0
BRDA:13,5,0,0
BRDA:13,5,1,0
BRDA:18,6,0,0
BRDA:18,6,1,0
BRF:12
BRH:1
end_of_record
TN:
SF:src/pages/SimpleTest.tsx
FN:4,(anonymous_0)
FN:8,(anonymous_1)
FN:14,(anonymous_2)
FNF:3
FNH:1
FNDA:1,(anonymous_0)
FNDA:0,(anonymous_1)
FNDA:0,(anonymous_2)
DA:4,1
DA:5,1
DA:6,1
DA:8,1
DA:9,0
DA:11,1
DA:14,0
LF:7
LH:5
BRF:0
BRH:0
end_of_record
TN:
SF:src/pages/loginModule/Login.tsx
FN:27,(anonymous_0)
FN:30,(anonymous_1)
FN:46,(anonymous_2)
FN:85,(anonymous_3)
FN:89,(anonymous_4)
FN:135,(anonymous_5)
FNF:6
FNH:3
FNDA:1,(anonymous_0)
FNDA:1,(anonymous_1)
FNDA:0,(anonymous_2)
FNDA:0,(anonymous_3)
FNDA:0,(anonymous_4)
FNDA:1,(anonymous_5)
DA:27,1
DA:28,1
DA:29,1
DA:30,1
DA:31,1
DA:32,1
DA:33,1
DA:39,1
DA:46,1
DA:47,0
DA:48,0
DA:50,0
DA:54,1
DA:85,1
DA:86,0
DA:87,0
DA:89,0
DA:91,0
DA:92,0
DA:93,0
DA:94,0
DA:95,0
DA:96,0
DA:101,1
DA:102,0
DA:104,1
DA:142,1
DA:190,1
LF:28
LH:15
BRDA:47,0,0,0
BRDA:47,0,1,0
BRDA:91,1,0,0
BRDA:91,1,1,0
BRDA:94,2,0,0
BRDA:94,2,1,0
BRDA:101,3,0,0
BRDA:101,3,1,1
BRDA:128,4,0,1
BRDA:128,4,1,0
BRDA:149,5,0,0
BRDA:149,5,1,1
BRDA:166,6,0,0
BRDA:166,6,1,1
BRF:14
BRH:4
end_of_record
TN:
SF:src/redux/appSettings.tsx
FN:13,(anonymous_0)
FN:16,(anonymous_1)
FNF:2
FNH:0
FNDA:0,(anonymous_0)
FNDA:0,(anonymous_1)
DA:4,1
DA:9,1
DA:14,0
DA:17,0
DA:22,1
LF:5
LH:3
BRF:0
BRH:0
end_of_record
TN:
SF:src/redux/store.tsx
FN:20,(anonymous_0)
FNF:1
FNH:1
FNDA:1,(anonymous_0)
DA:8,1
DA:14,1
DA:15,1
DA:18,1
DA:21,1
LF:5
LH:5
BRF:0
BRH:0
end_of_record
TN:
SF:src/redux/user.tsx
FN:24,(anonymous_0)
FN:27,(anonymous_1)
FNF:2
FNH:0
FNDA:0,(anonymous_0)
FNDA:0,(anonymous_1)
DA:2,1
DA:16,1
DA:20,1
DA:25,0
DA:28,0
DA:33,1
LF:6
LH:4
BRF:0
BRH:0
end_of_record
TN:
SF:src/utils/APIs.tsx
FN:14,(anonymous_0)
FN:24,(anonymous_1)
FN:34,(anonymous_2)
FN:53,(anonymous_3)
FN:64,(anonymous_4)
FN:67,(anonymous_5)
FN:78,(anonymous_6)
FN:81,(anonymous_7)
FN:107,(anonymous_8)
FN:108,(anonymous_9)
FN:109,(anonymous_10)
FN:112,(anonymous_11)
FN:117,(anonymous_12)
FN:128,(anonymous_13)
FNF:14
FNH:4
FNDA:2,(anonymous_0)
FNDA:2,(anonymous_1)
FNDA:2,(anonymous_2)
FNDA:0,(anonymous_3)
FNDA:0,(anonymous_4)
FNDA:0,(anonymous_5)
FNDA:0,(anonymous_6)
FNDA:0,(anonymous_7)
FNDA:0,(anonymous_8)
FNDA:0,(anonymous_9)
FNDA:0,(anonymous_10)
FNDA:0,(anonymous_11)
FNDA:0,(anonymous_12)
FNDA:3,(anonymous_13)
DA:4,2
DA:14,2
DA:15,2
DA:16,2
DA:20,1
DA:24,2
DA:25,2
DA:26,2
DA:30,1
DA:34,2
DA:41,2
DA:42,2
DA:49,1
DA:53,2
DA:58,0
DA:64,0
DA:67,2
DA:72,0
DA:78,0
DA:81,2
DA:86,0
DA:87,0
DA:88,0
DA:92,0
DA:93,0
DA:97,0
DA:99,0
DA:106,0
DA:107,0
DA:108,0
DA:109,0
DA:112,2
DA:113,0
DA:117,0
DA:128,2
DA:129,3
DA:130,0
DA:131,0
DA:132,0
DA:133,0
DA:134,0
DA:135,0
DA:136,0
DA:137,0
DA:140,3
LF:45
LH:20
BRDA:38,0,0,0
BRDA:39,1,0,0
BRDA:59,2,0,0
BRDA:59,2,1,0
BRDA:129,3,0,0
BRDA:129,3,1,3
BRDA:131,4,0,0
BRDA:131,4,1,0
BRDA:135,5,0,0
BRDA:135,5,1,0
BRF:10
BRH:1
end_of_record
TN:
SF:src/utils/appDB.tsx
FN:9,(anonymous_0)
FN:15,(anonymous_1)
FNF:2
FNH:2
FNDA:1,(anonymous_0)
FNDA:1,(anonymous_1)
DA:9,1
DA:15,1
LF:2
LH:2
BRF:0
BRH:0
end_of_record
